<?xml version="1.0" encoding="UTF-8"?>
<testsuites name="MakeAppointment" time="122.03" tests="6" failures="1" errors="0">
   <testsuite name="MakeAppointment" tests="6" failures="1" errors="0" time="122.03" skipped="0" timestamp="22-05-2025T23:00:04" hostname="user - localhost" id="Test Suites/MakeAppointment">
      <properties>
         <property name="deviceName" value=""/>
         <property name="devicePlatform"/>
         <property name="logFolder" value="/Users/user/Documents/Test Automation/Katalon/SampleProject/Reports/20250522_225959/MakeAppointment/20250522_225959"/>
         <property name="logFiles" value="/Users/user/Documents/Test Automation/Katalon/SampleProject/Reports/20250522_225959/MakeAppointment/20250522_225959/execution0.log, /Users/user/Documents/Test Automation/Katalon/SampleProject/Reports/20250522_225959/MakeAppointment/20250522_225959/console0.log"/>
         <property name="attachments" value="/Users/user/Documents/Test Automation/Katalon/SampleProject/Reports/20250522_225959/MakeAppointment/20250522_225959/1747929617662.png, /Users/user/Documents/Test Automation/Katalon/SampleProject/Reports/20250522_225959/MakeAppointment/20250522_225959/1747929623005.png, /Users/user/Documents/Test Automation/Katalon/SampleProject/Reports/20250522_225959/MakeAppointment/20250522_225959/1747929634444.png, /Users/user/Documents/Test Automation/Katalon/SampleProject/Reports/20250522_225959/MakeAppointment/20250522_225959/1747929643398.png, /Users/user/Documents/Test Automation/Katalon/SampleProject/Reports/20250522_225959/MakeAppointment/20250522_225959/1747929654518.png, /Users/user/Documents/Test Automation/Katalon/SampleProject/Reports/20250522_225959/MakeAppointment/20250522_225959/1747929671072.png, /Users/user/Documents/Test Automation/Katalon/SampleProject/Reports/20250522_225959/MakeAppointment/20250522_225959/1747929671331.png, /Users/user/Documents/Test Automation/Katalon/SampleProject/Reports/20250522_225959/MakeAppointment/20250522_225959/1747929680914.png, /Users/user/Documents/Test Automation/Katalon/SampleProject/Reports/20250522_225959/MakeAppointment/20250522_225959/1747929683561.png, /Users/user/Documents/Test Automation/Katalon/SampleProject/Reports/20250522_225959/MakeAppointment/20250522_225959/1747929696560.png, /Users/user/Documents/Test Automation/Katalon/SampleProject/Reports/20250522_225959/MakeAppointment/20250522_225959/1747929705733.png, /Users/user/Documents/Test Automation/Katalon/SampleProject/Reports/20250522_225959/MakeAppointment/20250522_225959/1747929716572.png, /Users/user/Documents/Test Automation/Katalon/SampleProject/Reports/20250522_225959/MakeAppointment/20250522_225959/1747929726425.png"/>
         <property name="hostName" value="user - localhost"/>
         <property name="os" value="Mac OS X 64bit"/>
         <property name="katalonVersion" value="10.2.0.0"/>
         <property name="browser" value="Chrome 136.0.7103.114"/>
         <property name="userFullName" value="fais alkurnis"/>
         <property name="hostAddress" value="127.0.0.1"/>
         <property name="sessionId" value="8b1f4b7b8280912ba76023b565e132f8"/>
         <property name="projectName" value="SampleProject"/>
         <property name="seleniumVersion" value="4.28.1"/>
         <property name="proxyInformation" value="ProxyInformation { proxyOption=NO_PROXY, proxyServerType=HTTP, username=, password=********, proxyServerAddress=, proxyServerPort=0, executionList=&quot;&quot;, isApplyToDesiredCapabilities=true }"/>
         <property name="platform" value="Mac OS X"/>
      </properties>
      <testcase name="Test Cases/MakeAppointment/TC_APPT_04" time="18.291" classname="Test Cases/MakeAppointment/TC_APPT_04" status="PASSED">
         <system-out><![CDATA[22-05-2025T23:00:05 - [TEST_CASE][PASSED] - Test Cases/MakeAppointment/TC_APPT_04: Test Cases/MakeAppointment/TC_APPT_04

22-05-2025T23:00:05 - [TEST_STEP][PASSED] - callTestCase(findTestCase("Login/TC_LOGIN_01"), [:], STOP_ON_FAILURE): Call Test Case 'Test Cases/Login/TC_LOGIN_01' successfully

22-05-2025T23:00:05 - [TEST_CASE][PASSED] - Test Cases/Login/TC_LOGIN_01: Test Cases/Login/TC_LOGIN_01

22-05-2025T23:00:05 - [TEST_STEP][PASSED] - openBrowser(""): Browser is opened with url: ''

22-05-2025T23:00:05 - [MESSAGE][INFO] - Starting 'Chrome' driver

22-05-2025T23:00:05 - [MESSAGE][INFO] - Action delay is set to 0 milliseconds

22-05-2025T23:00:08 - [MESSAGE][PASSED] - Browser is opened with url: ''

22-05-2025T23:00:08 - [TEST_STEP][PASSED] - navigateToUrl(baseUrl): Navigate to 'https://katalon-demo-cura.herokuapp.com' successfully

22-05-2025T23:00:13 - [MESSAGE][PASSED] - Navigate to 'https://katalon-demo-cura.herokuapp.com' successfully

22-05-2025T23:00:13 - [TEST_STEP][PASSED] - click(findTestObject("LoginPage/IconMenu")): Object: 'Object Repository/LoginPage/IconMenu' is clicked on

22-05-2025T23:00:14 - [MESSAGE][PASSED] - Object: 'Object Repository/LoginPage/IconMenu' is clicked on

22-05-2025T23:00:14 - [TEST_STEP][PASSED] - click(findTestObject("LoginPage/LoginButton")): Object: 'Object Repository/LoginPage/LoginButton' is clicked on

22-05-2025T23:00:14 - [MESSAGE][PASSED] - Object: 'Object Repository/LoginPage/LoginButton' is clicked on

22-05-2025T23:00:14 - [TEST_STEP][PASSED] - testData = findTestData("TestData1"): null

22-05-2025T23:00:14 - [TEST_STEP][PASSED] - username = testData.getValue("username", 1): null

22-05-2025T23:00:14 - [TEST_STEP][PASSED] - password = testData.getValue("password", 1): null

22-05-2025T23:00:14 - [TEST_STEP][PASSED] - setText(findTestObject("LoginPage/UsernameField"), username): Text 'John Doe' is set on object 'Object Repository/LoginPage/UsernameField'

22-05-2025T23:00:15 - [MESSAGE][PASSED] - Text 'John Doe' is set on object 'Object Repository/LoginPage/UsernameField'

22-05-2025T23:00:15 - [TEST_STEP][PASSED] - setText(findTestObject("LoginPage/PasswordField"), password): Text 'ThisIsNotAPassword' is set on object 'Object Repository/LoginPage/PasswordField'

22-05-2025T23:00:16 - [MESSAGE][PASSED] - Text 'ThisIsNotAPassword' is set on object 'Object Repository/LoginPage/PasswordField'

22-05-2025T23:00:16 - [TEST_STEP][PASSED] - click(findTestObject("LoginPage/LoginSubmitButton")): Object: 'Object Repository/LoginPage/LoginSubmitButton' is clicked on

22-05-2025T23:00:17 - [MESSAGE][PASSED] - Object: 'Object Repository/LoginPage/LoginSubmitButton' is clicked on

22-05-2025T23:00:17 - [TEST_STEP][PASSED] - verifyElementPresent(findTestObject("AppointmentPage/ApplyButton"), 5): Object 'Object Repository/AppointmentPage/ApplyButton' is present

22-05-2025T23:00:17 - [MESSAGE][PASSED] - Object 'Object Repository/AppointmentPage/ApplyButton' is present

22-05-2025T23:00:17 - [TEST_STEP][PASSED] - takeFullPageScreenshot(): Taking screenshot successfully

22-05-2025T23:00:19 - [MESSAGE][INFO] - 0 hidden object(s)

22-05-2025T23:00:20 - [MESSAGE][PASSED] - Taking screenshot successfully
[[ATTACHMENT|/Users/user/Documents/Test Automation/Katalon/SampleProject/Reports/20250522_225959/MakeAppointment/20250522_225959/1747929617662.png]]

22-05-2025T23:00:20 - [MESSAGE][PASSED] - Call Test Case 'Test Cases/Login/TC_LOGIN_01' successfully

22-05-2025T23:00:20 - [TEST_STEP][PASSED] - facility = findTestData("AppointmentData").getValue("Facility", 1): null

22-05-2025T23:00:20 - [TEST_STEP][PASSED] - readmission = findTestData("AppointmentData").getValue("ApplyReadmission", 1): null

22-05-2025T23:00:20 - [TEST_STEP][PASSED] - program = findTestData("AppointmentData").getValue("Program", 1): null

22-05-2025T23:00:20 - [TEST_STEP][PASSED] - visitDate = findTestData("AppointmentData").getValue("VisitDate", 2): null

22-05-2025T23:00:20 - [TEST_STEP][PASSED] - comment = findTestData("AppointmentData").getValue("Comment", 1): null

22-05-2025T23:00:20 - [TEST_STEP][PASSED] - selectOptionByLabel(findTestObject("AppointmentPage/FacilityDropdown"), facility, false): All options with label 'Tokyo CURA Healthcare Center' are selected in object 'Object Repository/AppointmentPage/FacilityDropdown' 

22-05-2025T23:00:20 - [MESSAGE][PASSED] - All options with label 'Tokyo CURA Healthcare Center' are selected in object 'Object Repository/AppointmentPage/FacilityDropdown' 

22-05-2025T23:00:20 - [TEST_STEP][PASSED] - if (readmission == "Yes"): Object 'Object Repository/AppointmentPage/CheckboxReadmission' is checked

22-05-2025T23:00:20 - [TEST_STEP][PASSED] - check(findTestObject("AppointmentPage/CheckboxReadmission")): Object 'Object Repository/AppointmentPage/CheckboxReadmission' is checked

22-05-2025T23:00:21 - [MESSAGE][PASSED] - Object 'Object Repository/AppointmentPage/CheckboxReadmission' is checked

22-05-2025T23:00:21 - [TEST_STEP][PASSED] - switch (program): null

22-05-2025T23:00:21 - [TEST_STEP][PASSED] - case "Medicaid":: null

22-05-2025T23:00:21 - [TEST_STEP][PASSED] - click(findTestObject("AppointmentPage/RadioMedicaid")): Object: 'Object Repository/AppointmentPage/RadioMedicaid' is clicked on

22-05-2025T23:00:21 - [MESSAGE][PASSED] - Object: 'Object Repository/AppointmentPage/RadioMedicaid' is clicked on

22-05-2025T23:00:21 - [TEST_STEP][PASSED] - break: null

22-05-2025T23:00:21 - [TEST_STEP][PASSED] - setText(findTestObject("AppointmentPage/CommentField"), comment): Text 'Follow-up visit' is set on object 'Object Repository/AppointmentPage/CommentField'

22-05-2025T23:00:21 - [MESSAGE][PASSED] - Text 'Follow-up visit' is set on object 'Object Repository/AppointmentPage/CommentField'

22-05-2025T23:00:21 - [TEST_STEP][PASSED] - click(findTestObject("AppointmentPage/ApplyButton")): Object: 'Object Repository/AppointmentPage/ApplyButton' is clicked on

22-05-2025T23:00:22 - [MESSAGE][PASSED] - Object: 'Object Repository/AppointmentPage/ApplyButton' is clicked on

22-05-2025T23:00:22 - [TEST_STEP][PASSED] - verifyElementPresent(findTestObject("AppointmentPage/VerifyNotInputDate"), 5): Object 'Object Repository/AppointmentPage/VerifyNotInputDate' is present

22-05-2025T23:00:22 - [MESSAGE][PASSED] - Object 'Object Repository/AppointmentPage/VerifyNotInputDate' is present

22-05-2025T23:00:22 - [TEST_STEP][PASSED] - takeScreenshot(): Taking screenshot successfully

22-05-2025T23:00:23 - [MESSAGE][PASSED] - Taking screenshot successfully
[[ATTACHMENT|/Users/user/Documents/Test Automation/Katalon/SampleProject/Reports/20250522_225959/MakeAppointment/20250522_225959/1747929623005.png]]]]></system-out>
         <system-err><![CDATA[]]></system-err>
      </testcase>
      <testcase name="Test Cases/MakeAppointment/TC_APPT_03" time="20.951" classname="Test Cases/MakeAppointment/TC_APPT_03" status="PASSED">
         <system-out><![CDATA[22-05-2025T23:00:23 - [TEST_CASE][PASSED] - Test Cases/MakeAppointment/TC_APPT_03: Test Cases/MakeAppointment/TC_APPT_03

22-05-2025T23:00:23 - [TEST_STEP][PASSED] - callTestCase(findTestCase("Login/TC_LOGIN_01"), [:], STOP_ON_FAILURE): Call Test Case 'Test Cases/Login/TC_LOGIN_01' successfully

22-05-2025T23:00:23 - [TEST_CASE][PASSED] - Test Cases/Login/TC_LOGIN_01: Test Cases/Login/TC_LOGIN_01

22-05-2025T23:00:23 - [TEST_STEP][PASSED] - openBrowser(""): Browser is opened with url: ''

22-05-2025T23:00:23 - [MESSAGE][WARNING] - A browser is already opened. Closing browser and opening a new one

22-05-2025T23:00:23 - [MESSAGE][INFO] - Starting 'Chrome' driver

22-05-2025T23:00:23 - [MESSAGE][INFO] - Action delay is set to 0 milliseconds

22-05-2025T23:00:26 - [MESSAGE][PASSED] - Browser is opened with url: ''

22-05-2025T23:00:26 - [TEST_STEP][PASSED] - navigateToUrl(baseUrl): Navigate to 'https://katalon-demo-cura.herokuapp.com' successfully

22-05-2025T23:00:30 - [MESSAGE][PASSED] - Navigate to 'https://katalon-demo-cura.herokuapp.com' successfully

22-05-2025T23:00:30 - [TEST_STEP][PASSED] - click(findTestObject("LoginPage/IconMenu")): Object: 'Object Repository/LoginPage/IconMenu' is clicked on

22-05-2025T23:00:30 - [MESSAGE][PASSED] - Object: 'Object Repository/LoginPage/IconMenu' is clicked on

22-05-2025T23:00:30 - [TEST_STEP][PASSED] - click(findTestObject("LoginPage/LoginButton")): Object: 'Object Repository/LoginPage/LoginButton' is clicked on

22-05-2025T23:00:31 - [MESSAGE][PASSED] - Object: 'Object Repository/LoginPage/LoginButton' is clicked on

22-05-2025T23:00:31 - [TEST_STEP][PASSED] - testData = findTestData("TestData1"): null

22-05-2025T23:00:31 - [TEST_STEP][PASSED] - username = testData.getValue("username", 1): null

22-05-2025T23:00:31 - [TEST_STEP][PASSED] - password = testData.getValue("password", 1): null

22-05-2025T23:00:31 - [TEST_STEP][PASSED] - setText(findTestObject("LoginPage/UsernameField"), username): Text 'John Doe' is set on object 'Object Repository/LoginPage/UsernameField'

22-05-2025T23:00:32 - [MESSAGE][PASSED] - Text 'John Doe' is set on object 'Object Repository/LoginPage/UsernameField'

22-05-2025T23:00:32 - [TEST_STEP][PASSED] - setText(findTestObject("LoginPage/PasswordField"), password): Text 'ThisIsNotAPassword' is set on object 'Object Repository/LoginPage/PasswordField'

22-05-2025T23:00:32 - [MESSAGE][PASSED] - Text 'ThisIsNotAPassword' is set on object 'Object Repository/LoginPage/PasswordField'

22-05-2025T23:00:32 - [TEST_STEP][PASSED] - click(findTestObject("LoginPage/LoginSubmitButton")): Object: 'Object Repository/LoginPage/LoginSubmitButton' is clicked on

22-05-2025T23:00:33 - [MESSAGE][PASSED] - Object: 'Object Repository/LoginPage/LoginSubmitButton' is clicked on

22-05-2025T23:00:33 - [TEST_STEP][PASSED] - verifyElementPresent(findTestObject("AppointmentPage/ApplyButton"), 5): Object 'Object Repository/AppointmentPage/ApplyButton' is present

22-05-2025T23:00:34 - [MESSAGE][PASSED] - Object 'Object Repository/AppointmentPage/ApplyButton' is present

22-05-2025T23:00:34 - [TEST_STEP][PASSED] - takeFullPageScreenshot(): Taking screenshot successfully

22-05-2025T23:00:36 - [MESSAGE][INFO] - 0 hidden object(s)

22-05-2025T23:00:36 - [MESSAGE][PASSED] - Taking screenshot successfully
[[ATTACHMENT|/Users/user/Documents/Test Automation/Katalon/SampleProject/Reports/20250522_225959/MakeAppointment/20250522_225959/1747929634444.png]]

22-05-2025T23:00:36 - [MESSAGE][PASSED] - Call Test Case 'Test Cases/Login/TC_LOGIN_01' successfully

22-05-2025T23:00:36 - [TEST_STEP][PASSED] - facility = findTestData("AppointmentData").getValue("Facility", 1): null

22-05-2025T23:00:36 - [TEST_STEP][PASSED] - readmission = findTestData("AppointmentData").getValue("ApplyReadmission", 1): null

22-05-2025T23:00:36 - [TEST_STEP][PASSED] - program = findTestData("AppointmentData").getValue("Program", 1): null

22-05-2025T23:00:36 - [TEST_STEP][PASSED] - visitDate = findTestData("AppointmentData").getValue("VisitDate", 2): null

22-05-2025T23:00:36 - [TEST_STEP][PASSED] - comment = findTestData("AppointmentData").getValue("Comment", 1): null

22-05-2025T23:00:36 - [TEST_STEP][PASSED] - selectOptionByLabel(findTestObject("AppointmentPage/FacilityDropdown"), facility, false): All options with label 'Tokyo CURA Healthcare Center' are selected in object 'Object Repository/AppointmentPage/FacilityDropdown' 

22-05-2025T23:00:37 - [MESSAGE][PASSED] - All options with label 'Tokyo CURA Healthcare Center' are selected in object 'Object Repository/AppointmentPage/FacilityDropdown' 

22-05-2025T23:00:37 - [TEST_STEP][PASSED] - if (readmission == "Yes"): Object 'Object Repository/AppointmentPage/CheckboxReadmission' is checked

22-05-2025T23:00:37 - [TEST_STEP][PASSED] - check(findTestObject("AppointmentPage/CheckboxReadmission")): Object 'Object Repository/AppointmentPage/CheckboxReadmission' is checked

22-05-2025T23:00:37 - [MESSAGE][PASSED] - Object 'Object Repository/AppointmentPage/CheckboxReadmission' is checked

22-05-2025T23:00:37 - [TEST_STEP][PASSED] - switch (program): null

22-05-2025T23:00:37 - [TEST_STEP][PASSED] - case "Medicaid":: null

22-05-2025T23:00:37 - [TEST_STEP][PASSED] - click(findTestObject("AppointmentPage/RadioMedicaid")): Object: 'Object Repository/AppointmentPage/RadioMedicaid' is clicked on

22-05-2025T23:00:37 - [MESSAGE][PASSED] - Object: 'Object Repository/AppointmentPage/RadioMedicaid' is clicked on

22-05-2025T23:00:37 - [TEST_STEP][PASSED] - break: null

22-05-2025T23:00:37 - [TEST_STEP][PASSED] - setText(findTestObject("AppointmentPage/CalendarInput"), visitDate): Text '21/04/25' is set on object 'Object Repository/AppointmentPage/CalendarInput'

22-05-2025T23:00:38 - [MESSAGE][PASSED] - Text '21/04/25' is set on object 'Object Repository/AppointmentPage/CalendarInput'

22-05-2025T23:00:38 - [TEST_STEP][PASSED] - delay(2): Delayed 2 second(s)

22-05-2025T23:00:40 - [MESSAGE][PASSED] - Delayed 2 second(s)

22-05-2025T23:00:40 - [TEST_STEP][PASSED] - setText(findTestObject("AppointmentPage/CommentField"), comment): Text 'Follow-up visit' is set on object 'Object Repository/AppointmentPage/CommentField'

22-05-2025T23:00:41 - [MESSAGE][PASSED] - Text 'Follow-up visit' is set on object 'Object Repository/AppointmentPage/CommentField'

22-05-2025T23:00:41 - [TEST_STEP][PASSED] - click(findTestObject("AppointmentPage/ApplyButton")): Object: 'Object Repository/AppointmentPage/ApplyButton' is clicked on

22-05-2025T23:00:41 - [MESSAGE][PASSED] - Object: 'Object Repository/AppointmentPage/ApplyButton' is clicked on

22-05-2025T23:00:41 - [TEST_STEP][PASSED] - verifyElementPresent(findTestObject("AppointmentPage/GoToHomepage"), 5): Object 'Object Repository/AppointmentPage/GoToHomepage' is present

22-05-2025T23:00:42 - [MESSAGE][PASSED] - Object 'Object Repository/AppointmentPage/GoToHomepage' is present

22-05-2025T23:00:42 - [TEST_STEP][PASSED] - click(findTestObject("AppointmentPage/GoToHomepage")): Object: 'Object Repository/AppointmentPage/GoToHomepage' is clicked on

22-05-2025T23:00:42 - [MESSAGE][PASSED] - Object: 'Object Repository/AppointmentPage/GoToHomepage' is clicked on

22-05-2025T23:00:42 - [TEST_STEP][PASSED] - verifyElementPresent(findTestObject("LoginPage/MakeAppointment"), 5): Object 'Object Repository/LoginPage/MakeAppointment' is present

22-05-2025T23:00:43 - [MESSAGE][PASSED] - Object 'Object Repository/LoginPage/MakeAppointment' is present

22-05-2025T23:00:43 - [TEST_STEP][PASSED] - takeScreenshot(): Taking screenshot successfully

22-05-2025T23:00:44 - [MESSAGE][PASSED] - Taking screenshot successfully
[[ATTACHMENT|/Users/user/Documents/Test Automation/Katalon/SampleProject/Reports/20250522_225959/MakeAppointment/20250522_225959/1747929643398.png]]]]></system-out>
         <system-err><![CDATA[]]></system-err>
      </testcase>
      <testcase name="Test Cases/MakeAppointment/TC_APPT_06" time="27.248" classname="Test Cases/MakeAppointment/TC_APPT_06" status="FAILED">
         <failure type="FAILED" message="Test Cases/MakeAppointment/TC_APPT_06 FAILED.&#xa;Reason:&#xa;com.kms.katalon.core.exception.StepFailedException: Unable to verify object 'Object Repository/AppointmentPage/ApplyButton' is present&#xa;	at com.kms.katalon.core.webui.keyword.internal.WebUIKeywordMain.stepFailed(WebUIKeywordMain.groovy:117)&#xa;	at com.kms.katalon.core.webui.keyword.internal.WebUIKeywordMain.runKeyword(WebUIKeywordMain.groovy:43)&#xa;	at com.kms.katalon.core.webui.keyword.builtin.VerifyElementPresentKeyword.verifyElementPresent(VerifyElementPresentKeyword.groovy:92)&#xa;	at com.kms.katalon.core.webui.keyword.builtin.VerifyElementPresentKeyword.execute(VerifyElementPresentKeyword.groovy:68)&#xa;	at com.kms.katalon.core.keyword.internal.KeywordExecutor.executeKeywordForPlatform(KeywordExecutor.groovy:74)&#xa;	at com.kms.katalon.core.webui.keyword.WebUiBuiltInKeywords.verifyElementPresent(WebUiBuiltInKeywords.groovy:1540)&#xa;	at TC_APPT_06.run(TC_APPT_06:59)&#xa;	at com.kms.katalon.core.main.ScriptEngine.run(ScriptEngine.java:194)&#xa;	at com.kms.katalon.core.main.ScriptEngine.runScriptAsRawText(ScriptEngine.java:119)&#xa;	at com.kms.katalon.core.main.TestCaseExecutor.runScript(TestCaseExecutor.java:486)&#xa;	at com.kms.katalon.core.main.TestCaseExecutor.doExecute(TestCaseExecutor.java:477)&#xa;	at com.kms.katalon.core.main.TestCaseExecutor.processExecutionPhase(TestCaseExecutor.java:456)&#xa;	at com.kms.katalon.core.main.TestCaseExecutor.accessMainPhase(TestCaseExecutor.java:448)&#xa;	at com.kms.katalon.core.main.TestCaseExecutor.execute(TestCaseExecutor.java:322)&#xa;	at com.kms.katalon.core.common.CommonExecutor.accessTestCaseMainPhase(CommonExecutor.java:71)&#xa;	at com.kms.katalon.core.main.TestSuiteExecutor.accessTestSuiteMainPhase(TestSuiteExecutor.java:160)&#xa;	at com.kms.katalon.core.main.TestSuiteExecutor.execute(TestSuiteExecutor.java:107)&#xa;	at com.kms.katalon.core.main.TestCaseMain.startTestSuite(TestCaseMain.java:186)&#xa;	at TempTestSuite1747929599852.run(TempTestSuite1747929599852.groovy:35)&#xa;	at java.base/jdk.internal.reflect.NativeMethodAccessorImpl.invoke0(Native Method)&#xa;	at java.base/jdk.internal.reflect.NativeMethodAccessorImpl.invoke(NativeMethodAccessorImpl.java:77)&#xa;	at java.base/jdk.internal.reflect.DelegatingMethodAccessorImpl.invoke(DelegatingMethodAccessorImpl.java:43)&#xa;Caused by: com.kms.katalon.core.exception.StepFailedException: com.kms.katalon.core.webui.exception.WebElementNotFoundException: Web element with id: 'Object Repository/AppointmentPage/ApplyButton' located by '//*[@id=&quot;btn-book-appointment&quot;]' not found&#xa;	at com.kms.katalon.core.webui.keyword.internal.WebUIKeywordMain.stepFailed(WebUIKeywordMain.groovy:117)&#xa;	at com.kms.katalon.core.webui.keyword.builtin.VerifyElementPresentKeyword$_verifyElementPresent_closure1.doCall(VerifyElementPresentKeyword.groovy:85)&#xa;	at com.kms.katalon.core.webui.keyword.builtin.VerifyElementPresentKeyword$_verifyElementPresent_closure1.call(VerifyElementPresentKeyword.groovy)&#xa;	at com.kms.katalon.core.webui.keyword.internal.WebUIKeywordMain.runKeyword(WebUIKeywordMain.groovy:35)&#xa;	... 20 more&#xa;"/>
         <system-out><![CDATA[22-05-2025T23:00:44 - [TEST_CASE][FAILED] - Test Cases/MakeAppointment/TC_APPT_06: Test Cases/MakeAppointment/TC_APPT_06 FAILED.
Reason:
com.kms.katalon.core.exception.StepFailedException: Unable to verify object 'Object Repository/AppointmentPage/ApplyButton' is present
	at com.kms.katalon.core.webui.keyword.internal.WebUIKeywordMain.stepFailed(WebUIKeywordMain.groovy:117)
	at com.kms.katalon.core.webui.keyword.internal.WebUIKeywordMain.runKeyword(WebUIKeywordMain.groovy:43)
	at com.kms.katalon.core.webui.keyword.builtin.VerifyElementPresentKeyword.verifyElementPresent(VerifyElementPresentKeyword.groovy:92)
	at com.kms.katalon.core.webui.keyword.builtin.VerifyElementPresentKeyword.execute(VerifyElementPresentKeyword.groovy:68)
	at com.kms.katalon.core.keyword.internal.KeywordExecutor.executeKeywordForPlatform(KeywordExecutor.groovy:74)
	at com.kms.katalon.core.webui.keyword.WebUiBuiltInKeywords.verifyElementPresent(WebUiBuiltInKeywords.groovy:1540)
	at TC_APPT_06.run(TC_APPT_06:59)
	at com.kms.katalon.core.main.ScriptEngine.run(ScriptEngine.java:194)
	at com.kms.katalon.core.main.ScriptEngine.runScriptAsRawText(ScriptEngine.java:119)
	at com.kms.katalon.core.main.TestCaseExecutor.runScript(TestCaseExecutor.java:486)
	at com.kms.katalon.core.main.TestCaseExecutor.doExecute(TestCaseExecutor.java:477)
	at com.kms.katalon.core.main.TestCaseExecutor.processExecutionPhase(TestCaseExecutor.java:456)
	at com.kms.katalon.core.main.TestCaseExecutor.accessMainPhase(TestCaseExecutor.java:448)
	at com.kms.katalon.core.main.TestCaseExecutor.execute(TestCaseExecutor.java:322)
	at com.kms.katalon.core.common.CommonExecutor.accessTestCaseMainPhase(CommonExecutor.java:71)
	at com.kms.katalon.core.main.TestSuiteExecutor.accessTestSuiteMainPhase(TestSuiteExecutor.java:160)
	at com.kms.katalon.core.main.TestSuiteExecutor.execute(TestSuiteExecutor.java:107)
	at com.kms.katalon.core.main.TestCaseMain.startTestSuite(TestCaseMain.java:186)
	at TempTestSuite1747929599852.run(TempTestSuite1747929599852.groovy:35)
	at java.base/jdk.internal.reflect.NativeMethodAccessorImpl.invoke0(Native Method)
	at java.base/jdk.internal.reflect.NativeMethodAccessorImpl.invoke(NativeMethodAccessorImpl.java:77)
	at java.base/jdk.internal.reflect.DelegatingMethodAccessorImpl.invoke(DelegatingMethodAccessorImpl.java:43)
Caused by: com.kms.katalon.core.exception.StepFailedException: com.kms.katalon.core.webui.exception.WebElementNotFoundException: Web element with id: 'Object Repository/AppointmentPage/ApplyButton' located by '//*[@id="btn-book-appointment"]' not found
	at com.kms.katalon.core.webui.keyword.internal.WebUIKeywordMain.stepFailed(WebUIKeywordMain.groovy:117)
	at com.kms.katalon.core.webui.keyword.builtin.VerifyElementPresentKeyword$_verifyElementPresent_closure1.doCall(VerifyElementPresentKeyword.groovy:85)
	at com.kms.katalon.core.webui.keyword.builtin.VerifyElementPresentKeyword$_verifyElementPresent_closure1.call(VerifyElementPresentKeyword.groovy)
	at com.kms.katalon.core.webui.keyword.internal.WebUIKeywordMain.runKeyword(WebUIKeywordMain.groovy:35)
	... 20 more


22-05-2025T23:00:44 - [TEST_STEP][PASSED] - callTestCase(findTestCase("Login/TC_LOGIN_01"), [:], STOP_ON_FAILURE): Call Test Case 'Test Cases/Login/TC_LOGIN_01' successfully

22-05-2025T23:00:44 - [TEST_CASE][PASSED] - Test Cases/Login/TC_LOGIN_01: Test Cases/Login/TC_LOGIN_01

22-05-2025T23:00:44 - [TEST_STEP][PASSED] - openBrowser(""): Browser is opened with url: ''

22-05-2025T23:00:44 - [MESSAGE][WARNING] - A browser is already opened. Closing browser and opening a new one

22-05-2025T23:00:44 - [MESSAGE][INFO] - Starting 'Chrome' driver

22-05-2025T23:00:44 - [MESSAGE][INFO] - Action delay is set to 0 milliseconds

22-05-2025T23:00:46 - [MESSAGE][PASSED] - Browser is opened with url: ''

22-05-2025T23:00:46 - [TEST_STEP][PASSED] - navigateToUrl(baseUrl): Navigate to 'https://katalon-demo-cura.herokuapp.com' successfully

22-05-2025T23:00:50 - [MESSAGE][PASSED] - Navigate to 'https://katalon-demo-cura.herokuapp.com' successfully

22-05-2025T23:00:50 - [TEST_STEP][PASSED] - click(findTestObject("LoginPage/IconMenu")): Object: 'Object Repository/LoginPage/IconMenu' is clicked on

22-05-2025T23:00:50 - [MESSAGE][PASSED] - Object: 'Object Repository/LoginPage/IconMenu' is clicked on

22-05-2025T23:00:50 - [TEST_STEP][PASSED] - click(findTestObject("LoginPage/LoginButton")): Object: 'Object Repository/LoginPage/LoginButton' is clicked on

22-05-2025T23:00:51 - [MESSAGE][PASSED] - Object: 'Object Repository/LoginPage/LoginButton' is clicked on

22-05-2025T23:00:51 - [TEST_STEP][PASSED] - testData = findTestData("TestData1"): null

22-05-2025T23:00:51 - [TEST_STEP][PASSED] - username = testData.getValue("username", 1): null

22-05-2025T23:00:51 - [TEST_STEP][PASSED] - password = testData.getValue("password", 1): null

22-05-2025T23:00:51 - [TEST_STEP][PASSED] - setText(findTestObject("LoginPage/UsernameField"), username): Text 'John Doe' is set on object 'Object Repository/LoginPage/UsernameField'

22-05-2025T23:00:52 - [MESSAGE][PASSED] - Text 'John Doe' is set on object 'Object Repository/LoginPage/UsernameField'

22-05-2025T23:00:52 - [TEST_STEP][PASSED] - setText(findTestObject("LoginPage/PasswordField"), password): Text 'ThisIsNotAPassword' is set on object 'Object Repository/LoginPage/PasswordField'

22-05-2025T23:00:52 - [MESSAGE][PASSED] - Text 'ThisIsNotAPassword' is set on object 'Object Repository/LoginPage/PasswordField'

22-05-2025T23:00:52 - [TEST_STEP][PASSED] - click(findTestObject("LoginPage/LoginSubmitButton")): Object: 'Object Repository/LoginPage/LoginSubmitButton' is clicked on

22-05-2025T23:00:54 - [MESSAGE][PASSED] - Object: 'Object Repository/LoginPage/LoginSubmitButton' is clicked on

22-05-2025T23:00:54 - [TEST_STEP][PASSED] - verifyElementPresent(findTestObject("AppointmentPage/ApplyButton"), 5): Object 'Object Repository/AppointmentPage/ApplyButton' is present

22-05-2025T23:00:54 - [MESSAGE][PASSED] - Object 'Object Repository/AppointmentPage/ApplyButton' is present

22-05-2025T23:00:54 - [TEST_STEP][PASSED] - takeFullPageScreenshot(): Taking screenshot successfully

22-05-2025T23:00:56 - [MESSAGE][INFO] - 0 hidden object(s)

22-05-2025T23:00:56 - [MESSAGE][PASSED] - Taking screenshot successfully
[[ATTACHMENT|/Users/user/Documents/Test Automation/Katalon/SampleProject/Reports/20250522_225959/MakeAppointment/20250522_225959/1747929654518.png]]

22-05-2025T23:00:56 - [MESSAGE][PASSED] - Call Test Case 'Test Cases/Login/TC_LOGIN_01' successfully

22-05-2025T23:00:56 - [TEST_STEP][PASSED] - facility = findTestData("AppointmentData").getValue("Facility", 1): null

22-05-2025T23:00:56 - [TEST_STEP][PASSED] - readmission = findTestData("AppointmentData").getValue("ApplyReadmission", 1): null

22-05-2025T23:00:56 - [TEST_STEP][PASSED] - program = findTestData("AppointmentData").getValue("Program", 1): null

22-05-2025T23:00:56 - [TEST_STEP][PASSED] - visitDate = findTestData("AppointmentData").getValue("VisitDate", 1): null

22-05-2025T23:00:56 - [TEST_STEP][PASSED] - comment = findTestData("AppointmentData").getValue("Comment", 3): null

22-05-2025T23:00:56 - [TEST_STEP][PASSED] - selectOptionByLabel(findTestObject("AppointmentPage/FacilityDropdown"), facility, false): All options with label 'Tokyo CURA Healthcare Center' are selected in object 'Object Repository/AppointmentPage/FacilityDropdown' 

22-05-2025T23:00:57 - [MESSAGE][PASSED] - All options with label 'Tokyo CURA Healthcare Center' are selected in object 'Object Repository/AppointmentPage/FacilityDropdown' 

22-05-2025T23:00:57 - [TEST_STEP][PASSED] - if (readmission == "Yes"): Delayed 2 second(s)

22-05-2025T23:00:57 - [TEST_STEP][PASSED] - check(findTestObject("AppointmentPage/CheckboxReadmission")): Object 'Object Repository/AppointmentPage/CheckboxReadmission' is checked

22-05-2025T23:00:57 - [MESSAGE][PASSED] - Object 'Object Repository/AppointmentPage/CheckboxReadmission' is checked

22-05-2025T23:00:57 - [TEST_STEP][PASSED] - delay(2): Delayed 2 second(s)

22-05-2025T23:00:59 - [MESSAGE][PASSED] - Delayed 2 second(s)

22-05-2025T23:00:59 - [TEST_STEP][PASSED] - switch (program): null

22-05-2025T23:00:59 - [TEST_STEP][PASSED] - case "Medicaid":: null

22-05-2025T23:00:59 - [TEST_STEP][PASSED] - click(findTestObject("AppointmentPage/RadioMedicaid")): Object: 'Object Repository/AppointmentPage/RadioMedicaid' is clicked on

22-05-2025T23:00:59 - [MESSAGE][PASSED] - Object: 'Object Repository/AppointmentPage/RadioMedicaid' is clicked on

22-05-2025T23:00:59 - [TEST_STEP][PASSED] - break: null

22-05-2025T23:00:59 - [TEST_STEP][PASSED] - setText(findTestObject("AppointmentPage/CalendarInput"), visitDate): Text '20/06/25' is set on object 'Object Repository/AppointmentPage/CalendarInput'

22-05-2025T23:01:00 - [MESSAGE][PASSED] - Text '20/06/25' is set on object 'Object Repository/AppointmentPage/CalendarInput'

22-05-2025T23:01:00 - [TEST_STEP][PASSED] - setText(findTestObject("AppointmentPage/CommentField"), comment): Text 'Annual checkupAnnual Annual checkupAnnual checkupAnnual checkupAnnual checkupAnnual checkupAnnual checkupAnnual checkupAnnual checkupAnnual checkupAnnual checkupAnnual checkupAnnual checkupAnnual checkupAnnual checkupAnnual checkupAnnual checkupAnnual checkupAnnual checkupAnnual checkupAnnual checkupAnnual checkupAnnual checkupAnnual checkupAnnual checkupAnnual checkupAnnual checkupAnnual checkupAnnual checkupAnnual checkupAnnual checkupAnnual checkupAnnual checkupAnnual checkupAnnual checkupAnnual checkupAnnual checkupAnnual checkupAnnual checkupAnnual checkupAnnual checkupAnnual checkupAnnual checkupAnnual checkupAnnual checkupAnnual checkupAnnual checkupAnnual checkupAnnual checkupAnnual checkupAnnual checkupAnnual checkupAnnual checkupAnnual checkupAnnual checkupAnnual checkupAnnual checkupcheckupAnnual checkupAnnual checkupAnnual checkupAnnual checkupAnnual checkupAnnual checkupAnnual checkupAnnual checkupAnnual checkupAnnual checkupAnnual checkupAnnual checkupAnnual checkupAnnual checkupAnnual checkupAnnual checkupAnnual checkupAnnual checkupAnnual checkupAnnual checkupAnnual checkupAnnual checkupAnnual checkupAnnual checkupAnnual checkupAnnual checkupAnnual checkupAnnual checkupAnnual checkupAnnual checkupAnnual checkupAnnual checkupAnnual checkupAnnual checkupAnnual checkupAnnual checkupAnnual checkupAnnual checkupAnnual checkupAnnual checkupAnnual checkupAnnual checkupAnnual checkupAnnual checkupAnnual checkupAnnual checkupAnnual checkupAnnual checkupAnnual checkupAnnual checkupAnnual checkupAnnual checkupAnnual checkupAnnual checkup' is set on object 'Object Repository/AppointmentPage/CommentField'

22-05-2025T23:01:02 - [MESSAGE][PASSED] - Text 'Annual checkupAnnual Annual checkupAnnual checkupAnnual checkupAnnual checkupAnnual checkupAnnual checkupAnnual checkupAnnual checkupAnnual checkupAnnual checkupAnnual checkupAnnual checkupAnnual checkupAnnual checkupAnnual checkupAnnual checkupAnnual checkupAnnual checkupAnnual checkupAnnual checkupAnnual checkupAnnual checkupAnnual checkupAnnual checkupAnnual checkupAnnual checkupAnnual checkupAnnual checkupAnnual checkupAnnual checkupAnnual checkupAnnual checkupAnnual checkupAnnual checkupAnnual checkupAnnual checkupAnnual checkupAnnual checkupAnnual checkupAnnual checkupAnnual checkupAnnual checkupAnnual checkupAnnual checkupAnnual checkupAnnual checkupAnnual checkupAnnual checkupAnnual checkupAnnual checkupAnnual checkupAnnual checkupAnnual checkupAnnual checkupAnnual checkupAnnual checkupcheckupAnnual checkupAnnual checkupAnnual checkupAnnual checkupAnnual checkupAnnual checkupAnnual checkupAnnual checkupAnnual checkupAnnual checkupAnnual checkupAnnual checkupAnnual checkupAnnual checkupAnnual checkupAnnual checkupAnnual checkupAnnual checkupAnnual checkupAnnual checkupAnnual checkupAnnual checkupAnnual checkupAnnual checkupAnnual checkupAnnual checkupAnnual checkupAnnual checkupAnnual checkupAnnual checkupAnnual checkupAnnual checkupAnnual checkupAnnual checkupAnnual checkupAnnual checkupAnnual checkupAnnual checkupAnnual checkupAnnual checkupAnnual checkupAnnual checkupAnnual checkupAnnual checkupAnnual checkupAnnual checkupAnnual checkupAnnual checkupAnnual checkupAnnual checkupAnnual checkupAnnual checkupAnnual checkupAnnual checkup' is set on object 'Object Repository/AppointmentPage/CommentField'

22-05-2025T23:01:02 - [TEST_STEP][PASSED] - delay(2): Delayed 2 second(s)

22-05-2025T23:01:04 - [MESSAGE][PASSED] - Delayed 2 second(s)

22-05-2025T23:01:04 - [TEST_STEP][PASSED] - click(findTestObject("AppointmentPage/ApplyButton")): Object: 'Object Repository/AppointmentPage/ApplyButton' is clicked on

22-05-2025T23:01:04 - [MESSAGE][PASSED] - Object: 'Object Repository/AppointmentPage/ApplyButton' is clicked on

22-05-2025T23:01:04 - [TEST_STEP][FAILED] - verifyElementPresent(findTestObject("AppointmentPage/ApplyButton"), 5): Unable to verify object 'Object Repository/AppointmentPage/ApplyButton' is present (Root cause: com.kms.katalon.core.exception.StepFailedException: Unable to verify object 'Object Repository/AppointmentPage/ApplyButton' is present
	at com.kms.katalon.core.webui.keyword.internal.WebUIKeywordMain.stepFailed(WebUIKeywordMain.groovy:117)
	at com.kms.katalon.core.webui.keyword.internal.WebUIKeywordMain.runKeyword(WebUIKeywordMain.groovy:43)
	at com.kms.katalon.core.webui.keyword.builtin.VerifyElementPresentKeyword.verifyElementPresent(VerifyElementPresentKeyword.groovy:92)
	at com.kms.katalon.core.webui.keyword.builtin.VerifyElementPresentKeyword.execute(VerifyElementPresentKeyword.groovy:68)
	at com.kms.katalon.core.keyword.internal.KeywordExecutor.executeKeywordForPlatform(KeywordExecutor.groovy:74)
	at com.kms.katalon.core.webui.keyword.WebUiBuiltInKeywords.verifyElementPresent(WebUiBuiltInKeywords.groovy:1540)
	at TC_APPT_06.run(TC_APPT_06:59)
	at com.kms.katalon.core.main.ScriptEngine.run(ScriptEngine.java:194)
	at com.kms.katalon.core.main.ScriptEngine.runScriptAsRawText(ScriptEngine.java:119)
	at com.kms.katalon.core.main.TestCaseExecutor.runScript(TestCaseExecutor.java:486)
	at com.kms.katalon.core.main.TestCaseExecutor.doExecute(TestCaseExecutor.java:477)
	at com.kms.katalon.core.main.TestCaseExecutor.processExecutionPhase(TestCaseExecutor.java:456)
	at com.kms.katalon.core.main.TestCaseExecutor.accessMainPhase(TestCaseExecutor.java:448)
	at com.kms.katalon.core.main.TestCaseExecutor.execute(TestCaseExecutor.java:322)
	at com.kms.katalon.core.common.CommonExecutor.accessTestCaseMainPhase(CommonExecutor.java:71)
	at com.kms.katalon.core.main.TestSuiteExecutor.accessTestSuiteMainPhase(TestSuiteExecutor.java:160)
	at com.kms.katalon.core.main.TestSuiteExecutor.execute(TestSuiteExecutor.java:107)
	at com.kms.katalon.core.main.TestCaseMain.startTestSuite(TestCaseMain.java:186)
	at TempTestSuite1747929599852.run(TempTestSuite1747929599852.groovy:35)
	at java.base/jdk.internal.reflect.NativeMethodAccessorImpl.invoke0(Native Method)
	at java.base/jdk.internal.reflect.NativeMethodAccessorImpl.invoke(NativeMethodAccessorImpl.java:77)
	at java.base/jdk.internal.reflect.DelegatingMethodAccessorImpl.invoke(DelegatingMethodAccessorImpl.java:43)
Caused by: com.kms.katalon.core.exception.StepFailedException: com.kms.katalon.core.webui.exception.WebElementNotFoundException: Web element with id: 'Object Repository/AppointmentPage/ApplyButton' located by '//*[@id="btn-book-appointment"]' not found
	at com.kms.katalon.core.webui.keyword.internal.WebUIKeywordMain.stepFailed(WebUIKeywordMain.groovy:117)
	at com.kms.katalon.core.webui.keyword.builtin.VerifyElementPresentKeyword$_verifyElementPresent_closure1.doCall(VerifyElementPresentKeyword.groovy:85)
	at com.kms.katalon.core.webui.keyword.builtin.VerifyElementPresentKeyword$_verifyElementPresent_closure1.call(VerifyElementPresentKeyword.groovy)
	at com.kms.katalon.core.webui.keyword.internal.WebUIKeywordMain.runKeyword(WebUIKeywordMain.groovy:35)
	... 20 more
)

22-05-2025T23:01:11 - [MESSAGE][INFO] - Unable to find the element located by 'By.xpath: //*[@id="btn-book-appointment"]'. Please recheck the objects properties to make sure the desired element is located. 

22-05-2025T23:01:11 - [MESSAGE][FAILED] - com.kms.katalon.core.webui.exception.WebElementNotFoundException: Web element with id: 'Object Repository/AppointmentPage/ApplyButton' located by '//*[@id="btn-book-appointment"]' not found (Root cause: com.kms.katalon.core.exception.StepFailedException: com.kms.katalon.core.webui.exception.WebElementNotFoundException: Web element with id: 'Object Repository/AppointmentPage/ApplyButton' located by '//*[@id="btn-book-appointment"]' not found
	at com.kms.katalon.core.webui.keyword.internal.WebUIKeywordMain.stepFailed(WebUIKeywordMain.groovy:117)
	at com.kms.katalon.core.webui.keyword.builtin.VerifyElementPresentKeyword$_verifyElementPresent_closure1.doCall(VerifyElementPresentKeyword.groovy:85)
	at com.kms.katalon.core.webui.keyword.builtin.VerifyElementPresentKeyword$_verifyElementPresent_closure1.call(VerifyElementPresentKeyword.groovy)
	at com.kms.katalon.core.webui.keyword.internal.WebUIKeywordMain.runKeyword(WebUIKeywordMain.groovy:35)
	at com.kms.katalon.core.webui.keyword.builtin.VerifyElementPresentKeyword.verifyElementPresent(VerifyElementPresentKeyword.groovy:92)
	at com.kms.katalon.core.webui.keyword.builtin.VerifyElementPresentKeyword.execute(VerifyElementPresentKeyword.groovy:68)
	at com.kms.katalon.core.keyword.internal.KeywordExecutor.executeKeywordForPlatform(KeywordExecutor.groovy:74)
	at com.kms.katalon.core.webui.keyword.WebUiBuiltInKeywords.verifyElementPresent(WebUiBuiltInKeywords.groovy:1540)
	at TC_APPT_06.run(TC_APPT_06:59)
	at com.kms.katalon.core.main.ScriptEngine.run(ScriptEngine.java:194)
	at com.kms.katalon.core.main.ScriptEngine.runScriptAsRawText(ScriptEngine.java:119)
	at com.kms.katalon.core.main.TestCaseExecutor.runScript(TestCaseExecutor.java:486)
	at com.kms.katalon.core.main.TestCaseExecutor.doExecute(TestCaseExecutor.java:477)
	at com.kms.katalon.core.main.TestCaseExecutor.processExecutionPhase(TestCaseExecutor.java:456)
	at com.kms.katalon.core.main.TestCaseExecutor.accessMainPhase(TestCaseExecutor.java:448)
	at com.kms.katalon.core.main.TestCaseExecutor.execute(TestCaseExecutor.java:322)
	at com.kms.katalon.core.common.CommonExecutor.accessTestCaseMainPhase(CommonExecutor.java:71)
	at com.kms.katalon.core.main.TestSuiteExecutor.accessTestSuiteMainPhase(TestSuiteExecutor.java:160)
	at com.kms.katalon.core.main.TestSuiteExecutor.execute(TestSuiteExecutor.java:107)
	at com.kms.katalon.core.main.TestCaseMain.startTestSuite(TestCaseMain.java:186)
	at TempTestSuite1747929599852.run(TempTestSuite1747929599852.groovy:35)
	at java.base/jdk.internal.reflect.NativeMethodAccessorImpl.invoke0(Native Method)
	at java.base/jdk.internal.reflect.NativeMethodAccessorImpl.invoke(NativeMethodAccessorImpl.java:77)
	at java.base/jdk.internal.reflect.DelegatingMethodAccessorImpl.invoke(DelegatingMethodAccessorImpl.java:43)
)
[[ATTACHMENT|/Users/user/Documents/Test Automation/Katalon/SampleProject/Reports/20250522_225959/MakeAppointment/20250522_225959/1747929671072.png]]

22-05-2025T23:01:11 - [MESSAGE][FAILED] - Unable to verify object 'Object Repository/AppointmentPage/ApplyButton' is present (Root cause: com.kms.katalon.core.exception.StepFailedException: Unable to verify object 'Object Repository/AppointmentPage/ApplyButton' is present
	at com.kms.katalon.core.webui.keyword.internal.WebUIKeywordMain.stepFailed(WebUIKeywordMain.groovy:117)
	at com.kms.katalon.core.webui.keyword.internal.WebUIKeywordMain.runKeyword(WebUIKeywordMain.groovy:43)
	at com.kms.katalon.core.webui.keyword.builtin.VerifyElementPresentKeyword.verifyElementPresent(VerifyElementPresentKeyword.groovy:92)
	at com.kms.katalon.core.webui.keyword.builtin.VerifyElementPresentKeyword.execute(VerifyElementPresentKeyword.groovy:68)
	at com.kms.katalon.core.keyword.internal.KeywordExecutor.executeKeywordForPlatform(KeywordExecutor.groovy:74)
	at com.kms.katalon.core.webui.keyword.WebUiBuiltInKeywords.verifyElementPresent(WebUiBuiltInKeywords.groovy:1540)
	at TC_APPT_06.run(TC_APPT_06:59)
	at com.kms.katalon.core.main.ScriptEngine.run(ScriptEngine.java:194)
	at com.kms.katalon.core.main.ScriptEngine.runScriptAsRawText(ScriptEngine.java:119)
	at com.kms.katalon.core.main.TestCaseExecutor.runScript(TestCaseExecutor.java:486)
	at com.kms.katalon.core.main.TestCaseExecutor.doExecute(TestCaseExecutor.java:477)
	at com.kms.katalon.core.main.TestCaseExecutor.processExecutionPhase(TestCaseExecutor.java:456)
	at com.kms.katalon.core.main.TestCaseExecutor.accessMainPhase(TestCaseExecutor.java:448)
	at com.kms.katalon.core.main.TestCaseExecutor.execute(TestCaseExecutor.java:322)
	at com.kms.katalon.core.common.CommonExecutor.accessTestCaseMainPhase(CommonExecutor.java:71)
	at com.kms.katalon.core.main.TestSuiteExecutor.accessTestSuiteMainPhase(TestSuiteExecutor.java:160)
	at com.kms.katalon.core.main.TestSuiteExecutor.execute(TestSuiteExecutor.java:107)
	at com.kms.katalon.core.main.TestCaseMain.startTestSuite(TestCaseMain.java:186)
	at TempTestSuite1747929599852.run(TempTestSuite1747929599852.groovy:35)
	at java.base/jdk.internal.reflect.NativeMethodAccessorImpl.invoke0(Native Method)
	at java.base/jdk.internal.reflect.NativeMethodAccessorImpl.invoke(NativeMethodAccessorImpl.java:77)
	at java.base/jdk.internal.reflect.DelegatingMethodAccessorImpl.invoke(DelegatingMethodAccessorImpl.java:43)
Caused by: com.kms.katalon.core.exception.StepFailedException: com.kms.katalon.core.webui.exception.WebElementNotFoundException: Web element with id: 'Object Repository/AppointmentPage/ApplyButton' located by '//*[@id="btn-book-appointment"]' not found
	at com.kms.katalon.core.webui.keyword.internal.WebUIKeywordMain.stepFailed(WebUIKeywordMain.groovy:117)
	at com.kms.katalon.core.webui.keyword.builtin.VerifyElementPresentKeyword$_verifyElementPresent_closure1.doCall(VerifyElementPresentKeyword.groovy:85)
	at com.kms.katalon.core.webui.keyword.builtin.VerifyElementPresentKeyword$_verifyElementPresent_closure1.call(VerifyElementPresentKeyword.groovy)
	at com.kms.katalon.core.webui.keyword.internal.WebUIKeywordMain.runKeyword(WebUIKeywordMain.groovy:35)
	... 20 more
)
[[ATTACHMENT|/Users/user/Documents/Test Automation/Katalon/SampleProject/Reports/20250522_225959/MakeAppointment/20250522_225959/1747929671331.png]]]]></system-out>
         <system-err><![CDATA[22-05-2025T23:00:44 - [TEST_CASE][FAILED] - Test Cases/MakeAppointment/TC_APPT_06: Test Cases/MakeAppointment/TC_APPT_06 FAILED.
Reason:
com.kms.katalon.core.exception.StepFailedException: Unable to verify object 'Object Repository/AppointmentPage/ApplyButton' is present
	at com.kms.katalon.core.webui.keyword.internal.WebUIKeywordMain.stepFailed(WebUIKeywordMain.groovy:117)
	at com.kms.katalon.core.webui.keyword.internal.WebUIKeywordMain.runKeyword(WebUIKeywordMain.groovy:43)
	at com.kms.katalon.core.webui.keyword.builtin.VerifyElementPresentKeyword.verifyElementPresent(VerifyElementPresentKeyword.groovy:92)
	at com.kms.katalon.core.webui.keyword.builtin.VerifyElementPresentKeyword.execute(VerifyElementPresentKeyword.groovy:68)
	at com.kms.katalon.core.keyword.internal.KeywordExecutor.executeKeywordForPlatform(KeywordExecutor.groovy:74)
	at com.kms.katalon.core.webui.keyword.WebUiBuiltInKeywords.verifyElementPresent(WebUiBuiltInKeywords.groovy:1540)
	at TC_APPT_06.run(TC_APPT_06:59)
	at com.kms.katalon.core.main.ScriptEngine.run(ScriptEngine.java:194)
	at com.kms.katalon.core.main.ScriptEngine.runScriptAsRawText(ScriptEngine.java:119)
	at com.kms.katalon.core.main.TestCaseExecutor.runScript(TestCaseExecutor.java:486)
	at com.kms.katalon.core.main.TestCaseExecutor.doExecute(TestCaseExecutor.java:477)
	at com.kms.katalon.core.main.TestCaseExecutor.processExecutionPhase(TestCaseExecutor.java:456)
	at com.kms.katalon.core.main.TestCaseExecutor.accessMainPhase(TestCaseExecutor.java:448)
	at com.kms.katalon.core.main.TestCaseExecutor.execute(TestCaseExecutor.java:322)
	at com.kms.katalon.core.common.CommonExecutor.accessTestCaseMainPhase(CommonExecutor.java:71)
	at com.kms.katalon.core.main.TestSuiteExecutor.accessTestSuiteMainPhase(TestSuiteExecutor.java:160)
	at com.kms.katalon.core.main.TestSuiteExecutor.execute(TestSuiteExecutor.java:107)
	at com.kms.katalon.core.main.TestCaseMain.startTestSuite(TestCaseMain.java:186)
	at TempTestSuite1747929599852.run(TempTestSuite1747929599852.groovy:35)
	at java.base/jdk.internal.reflect.NativeMethodAccessorImpl.invoke0(Native Method)
	at java.base/jdk.internal.reflect.NativeMethodAccessorImpl.invoke(NativeMethodAccessorImpl.java:77)
	at java.base/jdk.internal.reflect.DelegatingMethodAccessorImpl.invoke(DelegatingMethodAccessorImpl.java:43)
Caused by: com.kms.katalon.core.exception.StepFailedException: com.kms.katalon.core.webui.exception.WebElementNotFoundException: Web element with id: 'Object Repository/AppointmentPage/ApplyButton' located by '//*[@id="btn-book-appointment"]' not found
	at com.kms.katalon.core.webui.keyword.internal.WebUIKeywordMain.stepFailed(WebUIKeywordMain.groovy:117)
	at com.kms.katalon.core.webui.keyword.builtin.VerifyElementPresentKeyword$_verifyElementPresent_closure1.doCall(VerifyElementPresentKeyword.groovy:85)
	at com.kms.katalon.core.webui.keyword.builtin.VerifyElementPresentKeyword$_verifyElementPresent_closure1.call(VerifyElementPresentKeyword.groovy)
	at com.kms.katalon.core.webui.keyword.internal.WebUIKeywordMain.runKeyword(WebUIKeywordMain.groovy:35)
	... 20 more]]></system-err>
      </testcase>
      <testcase name="Test Cases/MakeAppointment/TC_APPT_01" time="14.454" classname="Test Cases/MakeAppointment/TC_APPT_01" status="PASSED">
         <system-out><![CDATA[22-05-2025T23:01:11 - [TEST_CASE][PASSED] - Test Cases/MakeAppointment/TC_APPT_01: Test Cases/MakeAppointment/TC_APPT_01

22-05-2025T23:01:11 - [TEST_STEP][PASSED] - callTestCase(findTestCase("Login/TC_LOGIN_01"), [:], STOP_ON_FAILURE): Call Test Case 'Test Cases/Login/TC_LOGIN_01' successfully

22-05-2025T23:01:11 - [TEST_CASE][PASSED] - Test Cases/Login/TC_LOGIN_01: Test Cases/Login/TC_LOGIN_01

22-05-2025T23:01:11 - [TEST_STEP][PASSED] - openBrowser(""): Browser is opened with url: ''

22-05-2025T23:01:11 - [MESSAGE][WARNING] - A browser is already opened. Closing browser and opening a new one

22-05-2025T23:01:11 - [MESSAGE][INFO] - Starting 'Chrome' driver

22-05-2025T23:01:11 - [MESSAGE][INFO] - Action delay is set to 0 milliseconds

22-05-2025T23:01:13 - [MESSAGE][PASSED] - Browser is opened with url: ''

22-05-2025T23:01:13 - [TEST_STEP][PASSED] - navigateToUrl(baseUrl): Navigate to 'https://katalon-demo-cura.herokuapp.com' successfully

22-05-2025T23:01:14 - [MESSAGE][PASSED] - Navigate to 'https://katalon-demo-cura.herokuapp.com' successfully

22-05-2025T23:01:14 - [TEST_STEP][PASSED] - click(findTestObject("LoginPage/IconMenu")): Object: 'Object Repository/LoginPage/IconMenu' is clicked on

22-05-2025T23:01:16 - [MESSAGE][PASSED] - Object: 'Object Repository/LoginPage/IconMenu' is clicked on

22-05-2025T23:01:16 - [TEST_STEP][PASSED] - click(findTestObject("LoginPage/LoginButton")): Object: 'Object Repository/LoginPage/LoginButton' is clicked on

22-05-2025T23:01:17 - [MESSAGE][PASSED] - Object: 'Object Repository/LoginPage/LoginButton' is clicked on

22-05-2025T23:01:17 - [TEST_STEP][PASSED] - testData = findTestData("TestData1"): null

22-05-2025T23:01:17 - [TEST_STEP][PASSED] - username = testData.getValue("username", 1): null

22-05-2025T23:01:17 - [TEST_STEP][PASSED] - password = testData.getValue("password", 1): null

22-05-2025T23:01:17 - [TEST_STEP][PASSED] - setText(findTestObject("LoginPage/UsernameField"), username): Text 'John Doe' is set on object 'Object Repository/LoginPage/UsernameField'

22-05-2025T23:01:18 - [MESSAGE][PASSED] - Text 'John Doe' is set on object 'Object Repository/LoginPage/UsernameField'

22-05-2025T23:01:18 - [TEST_STEP][PASSED] - setText(findTestObject("LoginPage/PasswordField"), password): Text 'ThisIsNotAPassword' is set on object 'Object Repository/LoginPage/PasswordField'

22-05-2025T23:01:18 - [MESSAGE][PASSED] - Text 'ThisIsNotAPassword' is set on object 'Object Repository/LoginPage/PasswordField'

22-05-2025T23:01:18 - [TEST_STEP][PASSED] - click(findTestObject("LoginPage/LoginSubmitButton")): Object: 'Object Repository/LoginPage/LoginSubmitButton' is clicked on

22-05-2025T23:01:20 - [MESSAGE][PASSED] - Object: 'Object Repository/LoginPage/LoginSubmitButton' is clicked on

22-05-2025T23:01:20 - [TEST_STEP][PASSED] - verifyElementPresent(findTestObject("AppointmentPage/ApplyButton"), 5): Object 'Object Repository/AppointmentPage/ApplyButton' is present

22-05-2025T23:01:20 - [MESSAGE][PASSED] - Object 'Object Repository/AppointmentPage/ApplyButton' is present

22-05-2025T23:01:20 - [TEST_STEP][PASSED] - takeFullPageScreenshot(): Taking screenshot successfully

22-05-2025T23:01:22 - [MESSAGE][INFO] - 0 hidden object(s)

22-05-2025T23:01:23 - [MESSAGE][PASSED] - Taking screenshot successfully
[[ATTACHMENT|/Users/user/Documents/Test Automation/Katalon/SampleProject/Reports/20250522_225959/MakeAppointment/20250522_225959/1747929680914.png]]

22-05-2025T23:01:23 - [MESSAGE][PASSED] - Call Test Case 'Test Cases/Login/TC_LOGIN_01' successfully

22-05-2025T23:01:23 - [TEST_STEP][PASSED] - click(findTestObject("LoginPage/MakeAppointment")): Object: 'Object Repository/LoginPage/MakeAppointment' is clicked on

22-05-2025T23:01:23 - [MESSAGE][PASSED] - Object: 'Object Repository/LoginPage/MakeAppointment' is clicked on

22-05-2025T23:01:23 - [TEST_STEP][PASSED] - takeFullPageScreenshot(): Taking screenshot successfully

22-05-2025T23:01:25 - [MESSAGE][INFO] - 0 hidden object(s)

22-05-2025T23:01:26 - [MESSAGE][PASSED] - Taking screenshot successfully
[[ATTACHMENT|/Users/user/Documents/Test Automation/Katalon/SampleProject/Reports/20250522_225959/MakeAppointment/20250522_225959/1747929683561.png]]]]></system-out>
         <system-err><![CDATA[]]></system-err>
      </testcase>
      <testcase name="Test Cases/MakeAppointment/TC_APPT_02" time="20.602" classname="Test Cases/MakeAppointment/TC_APPT_02" status="PASSED">
         <system-out><![CDATA[22-05-2025T23:01:26 - [TEST_CASE][PASSED] - Test Cases/MakeAppointment/TC_APPT_02: Test Cases/MakeAppointment/TC_APPT_02

22-05-2025T23:01:26 - [TEST_STEP][PASSED] - callTestCase(findTestCase("Login/TC_LOGIN_01"), [:], STOP_ON_FAILURE): Call Test Case 'Test Cases/Login/TC_LOGIN_01' successfully

22-05-2025T23:01:26 - [TEST_CASE][PASSED] - Test Cases/Login/TC_LOGIN_01: Test Cases/Login/TC_LOGIN_01

22-05-2025T23:01:26 - [TEST_STEP][PASSED] - openBrowser(""): Browser is opened with url: ''

22-05-2025T23:01:26 - [MESSAGE][WARNING] - A browser is already opened. Closing browser and opening a new one

22-05-2025T23:01:26 - [MESSAGE][INFO] - Starting 'Chrome' driver

22-05-2025T23:01:26 - [MESSAGE][INFO] - Action delay is set to 0 milliseconds

22-05-2025T23:01:28 - [MESSAGE][PASSED] - Browser is opened with url: ''

22-05-2025T23:01:28 - [TEST_STEP][PASSED] - navigateToUrl(baseUrl): Navigate to 'https://katalon-demo-cura.herokuapp.com' successfully

22-05-2025T23:01:32 - [MESSAGE][PASSED] - Navigate to 'https://katalon-demo-cura.herokuapp.com' successfully

22-05-2025T23:01:32 - [TEST_STEP][PASSED] - click(findTestObject("LoginPage/IconMenu")): Object: 'Object Repository/LoginPage/IconMenu' is clicked on

22-05-2025T23:01:33 - [MESSAGE][PASSED] - Object: 'Object Repository/LoginPage/IconMenu' is clicked on

22-05-2025T23:01:33 - [TEST_STEP][PASSED] - click(findTestObject("LoginPage/LoginButton")): Object: 'Object Repository/LoginPage/LoginButton' is clicked on

22-05-2025T23:01:33 - [MESSAGE][PASSED] - Object: 'Object Repository/LoginPage/LoginButton' is clicked on

22-05-2025T23:01:33 - [TEST_STEP][PASSED] - testData = findTestData("TestData1"): null

22-05-2025T23:01:33 - [TEST_STEP][PASSED] - username = testData.getValue("username", 1): null

22-05-2025T23:01:33 - [TEST_STEP][PASSED] - password = testData.getValue("password", 1): null

22-05-2025T23:01:33 - [TEST_STEP][PASSED] - setText(findTestObject("LoginPage/UsernameField"), username): Text 'John Doe' is set on object 'Object Repository/LoginPage/UsernameField'

22-05-2025T23:01:34 - [MESSAGE][PASSED] - Text 'John Doe' is set on object 'Object Repository/LoginPage/UsernameField'

22-05-2025T23:01:34 - [TEST_STEP][PASSED] - setText(findTestObject("LoginPage/PasswordField"), password): Text 'ThisIsNotAPassword' is set on object 'Object Repository/LoginPage/PasswordField'

22-05-2025T23:01:35 - [MESSAGE][PASSED] - Text 'ThisIsNotAPassword' is set on object 'Object Repository/LoginPage/PasswordField'

22-05-2025T23:01:35 - [TEST_STEP][PASSED] - click(findTestObject("LoginPage/LoginSubmitButton")): Object: 'Object Repository/LoginPage/LoginSubmitButton' is clicked on

22-05-2025T23:01:36 - [MESSAGE][PASSED] - Object: 'Object Repository/LoginPage/LoginSubmitButton' is clicked on

22-05-2025T23:01:36 - [TEST_STEP][PASSED] - verifyElementPresent(findTestObject("AppointmentPage/ApplyButton"), 5): Object 'Object Repository/AppointmentPage/ApplyButton' is present

22-05-2025T23:01:36 - [MESSAGE][PASSED] - Object 'Object Repository/AppointmentPage/ApplyButton' is present

22-05-2025T23:01:36 - [TEST_STEP][PASSED] - takeFullPageScreenshot(): Taking screenshot successfully

22-05-2025T23:01:38 - [MESSAGE][INFO] - 0 hidden object(s)

22-05-2025T23:01:38 - [MESSAGE][PASSED] - Taking screenshot successfully
[[ATTACHMENT|/Users/user/Documents/Test Automation/Katalon/SampleProject/Reports/20250522_225959/MakeAppointment/20250522_225959/1747929696560.png]]

22-05-2025T23:01:38 - [MESSAGE][PASSED] - Call Test Case 'Test Cases/Login/TC_LOGIN_01' successfully

22-05-2025T23:01:38 - [TEST_STEP][PASSED] - facility = findTestData("AppointmentData").getValue("Facility", 1): null

22-05-2025T23:01:38 - [TEST_STEP][PASSED] - readmission = findTestData("AppointmentData").getValue("ApplyReadmission", 1): null

22-05-2025T23:01:38 - [TEST_STEP][PASSED] - program = findTestData("AppointmentData").getValue("Program", 1): null

22-05-2025T23:01:38 - [TEST_STEP][PASSED] - visitDate = findTestData("AppointmentData").getValue("VisitDate", 1): null

22-05-2025T23:01:38 - [TEST_STEP][PASSED] - comment = findTestData("AppointmentData").getValue("Comment", 1): null

22-05-2025T23:01:38 - [TEST_STEP][PASSED] - selectOptionByLabel(findTestObject("AppointmentPage/FacilityDropdown"), facility, false): All options with label 'Tokyo CURA Healthcare Center' are selected in object 'Object Repository/AppointmentPage/FacilityDropdown' 

22-05-2025T23:01:39 - [MESSAGE][PASSED] - All options with label 'Tokyo CURA Healthcare Center' are selected in object 'Object Repository/AppointmentPage/FacilityDropdown' 

22-05-2025T23:01:39 - [TEST_STEP][PASSED] - if (readmission == "Yes"): Delayed 2 second(s)

22-05-2025T23:01:39 - [TEST_STEP][PASSED] - check(findTestObject("AppointmentPage/CheckboxReadmission")): Object 'Object Repository/AppointmentPage/CheckboxReadmission' is checked

22-05-2025T23:01:39 - [MESSAGE][PASSED] - Object 'Object Repository/AppointmentPage/CheckboxReadmission' is checked

22-05-2025T23:01:39 - [TEST_STEP][PASSED] - delay(2): Delayed 2 second(s)

22-05-2025T23:01:41 - [MESSAGE][PASSED] - Delayed 2 second(s)

22-05-2025T23:01:41 - [TEST_STEP][PASSED] - switch (program): null

22-05-2025T23:01:41 - [TEST_STEP][PASSED] - case "Medicaid":: null

22-05-2025T23:01:41 - [TEST_STEP][PASSED] - click(findTestObject("AppointmentPage/RadioMedicaid")): Object: 'Object Repository/AppointmentPage/RadioMedicaid' is clicked on

22-05-2025T23:01:41 - [MESSAGE][PASSED] - Object: 'Object Repository/AppointmentPage/RadioMedicaid' is clicked on

22-05-2025T23:01:41 - [TEST_STEP][PASSED] - break: null

22-05-2025T23:01:41 - [TEST_STEP][PASSED] - setText(findTestObject("AppointmentPage/CalendarInput"), visitDate): Text '20/06/25' is set on object 'Object Repository/AppointmentPage/CalendarInput'

22-05-2025T23:01:42 - [MESSAGE][PASSED] - Text '20/06/25' is set on object 'Object Repository/AppointmentPage/CalendarInput'

22-05-2025T23:01:42 - [TEST_STEP][PASSED] - setText(findTestObject("AppointmentPage/CommentField"), comment): Text 'Follow-up visit' is set on object 'Object Repository/AppointmentPage/CommentField'

22-05-2025T23:01:43 - [MESSAGE][PASSED] - Text 'Follow-up visit' is set on object 'Object Repository/AppointmentPage/CommentField'

22-05-2025T23:01:43 - [TEST_STEP][PASSED] - click(findTestObject("AppointmentPage/ApplyButton")): Object: 'Object Repository/AppointmentPage/ApplyButton' is clicked on

22-05-2025T23:01:43 - [MESSAGE][PASSED] - Object: 'Object Repository/AppointmentPage/ApplyButton' is clicked on

22-05-2025T23:01:43 - [TEST_STEP][PASSED] - verifyElementPresent(findTestObject("AppointmentPage/GoToHomepage"), 5): Object 'Object Repository/AppointmentPage/GoToHomepage' is present

22-05-2025T23:01:44 - [MESSAGE][PASSED] - Object 'Object Repository/AppointmentPage/GoToHomepage' is present

22-05-2025T23:01:44 - [TEST_STEP][PASSED] - click(findTestObject("AppointmentPage/GoToHomepage")): Object: 'Object Repository/AppointmentPage/GoToHomepage' is clicked on

22-05-2025T23:01:45 - [MESSAGE][PASSED] - Object: 'Object Repository/AppointmentPage/GoToHomepage' is clicked on

22-05-2025T23:01:45 - [TEST_STEP][PASSED] - verifyElementPresent(findTestObject("LoginPage/MakeAppointment"), 5): Object 'Object Repository/LoginPage/MakeAppointment' is present

22-05-2025T23:01:45 - [MESSAGE][PASSED] - Object 'Object Repository/LoginPage/MakeAppointment' is present

22-05-2025T23:01:45 - [TEST_STEP][PASSED] - takeScreenshot(): Taking screenshot successfully

22-05-2025T23:01:46 - [MESSAGE][PASSED] - Taking screenshot successfully
[[ATTACHMENT|/Users/user/Documents/Test Automation/Katalon/SampleProject/Reports/20250522_225959/MakeAppointment/20250522_225959/1747929705733.png]]]]></system-out>
         <system-err><![CDATA[]]></system-err>
      </testcase>
      <testcase name="Test Cases/MakeAppointment/TC_APPT_05" time="20.062" classname="Test Cases/MakeAppointment/TC_APPT_05" status="PASSED">
         <system-out><![CDATA[22-05-2025T23:01:46 - [TEST_CASE][PASSED] - Test Cases/MakeAppointment/TC_APPT_05: Test Cases/MakeAppointment/TC_APPT_05

22-05-2025T23:01:46 - [TEST_STEP][PASSED] - callTestCase(findTestCase("Login/TC_LOGIN_01"), [:], STOP_ON_FAILURE): Call Test Case 'Test Cases/Login/TC_LOGIN_01' successfully

22-05-2025T23:01:46 - [TEST_CASE][PASSED] - Test Cases/Login/TC_LOGIN_01: Test Cases/Login/TC_LOGIN_01

22-05-2025T23:01:46 - [TEST_STEP][PASSED] - openBrowser(""): Browser is opened with url: ''

22-05-2025T23:01:46 - [MESSAGE][WARNING] - A browser is already opened. Closing browser and opening a new one

22-05-2025T23:01:46 - [MESSAGE][INFO] - Starting 'Chrome' driver

22-05-2025T23:01:46 - [MESSAGE][INFO] - Action delay is set to 0 milliseconds

22-05-2025T23:01:48 - [MESSAGE][PASSED] - Browser is opened with url: ''

22-05-2025T23:01:48 - [TEST_STEP][PASSED] - navigateToUrl(baseUrl): Navigate to 'https://katalon-demo-cura.herokuapp.com' successfully

22-05-2025T23:01:52 - [MESSAGE][PASSED] - Navigate to 'https://katalon-demo-cura.herokuapp.com' successfully

22-05-2025T23:01:52 - [TEST_STEP][PASSED] - click(findTestObject("LoginPage/IconMenu")): Object: 'Object Repository/LoginPage/IconMenu' is clicked on

22-05-2025T23:01:52 - [MESSAGE][PASSED] - Object: 'Object Repository/LoginPage/IconMenu' is clicked on

22-05-2025T23:01:52 - [TEST_STEP][PASSED] - click(findTestObject("LoginPage/LoginButton")): Object: 'Object Repository/LoginPage/LoginButton' is clicked on

22-05-2025T23:01:53 - [MESSAGE][PASSED] - Object: 'Object Repository/LoginPage/LoginButton' is clicked on

22-05-2025T23:01:53 - [TEST_STEP][PASSED] - testData = findTestData("TestData1"): null

22-05-2025T23:01:53 - [TEST_STEP][PASSED] - username = testData.getValue("username", 1): null

22-05-2025T23:01:53 - [TEST_STEP][PASSED] - password = testData.getValue("password", 1): null

22-05-2025T23:01:53 - [TEST_STEP][PASSED] - setText(findTestObject("LoginPage/UsernameField"), username): Text 'John Doe' is set on object 'Object Repository/LoginPage/UsernameField'

22-05-2025T23:01:54 - [MESSAGE][PASSED] - Text 'John Doe' is set on object 'Object Repository/LoginPage/UsernameField'

22-05-2025T23:01:54 - [TEST_STEP][PASSED] - setText(findTestObject("LoginPage/PasswordField"), password): Text 'ThisIsNotAPassword' is set on object 'Object Repository/LoginPage/PasswordField'

22-05-2025T23:01:54 - [MESSAGE][PASSED] - Text 'ThisIsNotAPassword' is set on object 'Object Repository/LoginPage/PasswordField'

22-05-2025T23:01:54 - [TEST_STEP][PASSED] - click(findTestObject("LoginPage/LoginSubmitButton")): Object: 'Object Repository/LoginPage/LoginSubmitButton' is clicked on

22-05-2025T23:01:56 - [MESSAGE][PASSED] - Object: 'Object Repository/LoginPage/LoginSubmitButton' is clicked on

22-05-2025T23:01:56 - [TEST_STEP][PASSED] - verifyElementPresent(findTestObject("AppointmentPage/ApplyButton"), 5): Object 'Object Repository/AppointmentPage/ApplyButton' is present

22-05-2025T23:01:56 - [MESSAGE][PASSED] - Object 'Object Repository/AppointmentPage/ApplyButton' is present

22-05-2025T23:01:56 - [TEST_STEP][PASSED] - takeFullPageScreenshot(): Taking screenshot successfully

22-05-2025T23:01:58 - [MESSAGE][INFO] - 0 hidden object(s)

22-05-2025T23:01:58 - [MESSAGE][PASSED] - Taking screenshot successfully
[[ATTACHMENT|/Users/user/Documents/Test Automation/Katalon/SampleProject/Reports/20250522_225959/MakeAppointment/20250522_225959/1747929716572.png]]

22-05-2025T23:01:58 - [MESSAGE][PASSED] - Call Test Case 'Test Cases/Login/TC_LOGIN_01' successfully

22-05-2025T23:01:58 - [TEST_STEP][PASSED] - facility = findTestData("AppointmentData").getValue("Facility", 1): null

22-05-2025T23:01:58 - [TEST_STEP][PASSED] - readmission = findTestData("AppointmentData").getValue("ApplyReadmission", 1): null

22-05-2025T23:01:58 - [TEST_STEP][PASSED] - program = findTestData("AppointmentData").getValue("Program", 1): null

22-05-2025T23:01:58 - [TEST_STEP][PASSED] - visitDate = findTestData("AppointmentData").getValue("VisitDate", 1): null

22-05-2025T23:01:58 - [TEST_STEP][PASSED] - comment = findTestData("AppointmentData").getValue("Comment", 1): null

22-05-2025T23:01:58 - [TEST_STEP][PASSED] - selectOptionByLabel(findTestObject("AppointmentPage/FacilityDropdown"), facility, false): All options with label 'Tokyo CURA Healthcare Center' are selected in object 'Object Repository/AppointmentPage/FacilityDropdown' 

22-05-2025T23:01:59 - [MESSAGE][PASSED] - All options with label 'Tokyo CURA Healthcare Center' are selected in object 'Object Repository/AppointmentPage/FacilityDropdown' 

22-05-2025T23:01:59 - [TEST_STEP][PASSED] - if (readmission == "Yes"): Delayed 2 second(s)

22-05-2025T23:01:59 - [TEST_STEP][PASSED] - check(findTestObject("AppointmentPage/CheckboxReadmission")): Object 'Object Repository/AppointmentPage/CheckboxReadmission' is checked

22-05-2025T23:01:59 - [MESSAGE][PASSED] - Object 'Object Repository/AppointmentPage/CheckboxReadmission' is checked

22-05-2025T23:01:59 - [TEST_STEP][PASSED] - delay(2): Delayed 2 second(s)

22-05-2025T23:02:01 - [MESSAGE][PASSED] - Delayed 2 second(s)

22-05-2025T23:02:01 - [TEST_STEP][PASSED] - switch (program): null

22-05-2025T23:02:01 - [TEST_STEP][PASSED] - case "Medicaid":: null

22-05-2025T23:02:01 - [TEST_STEP][PASSED] - click(findTestObject("AppointmentPage/RadioMedicaid")): Object: 'Object Repository/AppointmentPage/RadioMedicaid' is clicked on

22-05-2025T23:02:02 - [MESSAGE][PASSED] - Object: 'Object Repository/AppointmentPage/RadioMedicaid' is clicked on

22-05-2025T23:02:02 - [TEST_STEP][PASSED] - break: null

22-05-2025T23:02:02 - [TEST_STEP][PASSED] - setText(findTestObject("AppointmentPage/CalendarInput"), visitDate): Text '20/06/25' is set on object 'Object Repository/AppointmentPage/CalendarInput'

22-05-2025T23:02:02 - [MESSAGE][PASSED] - Text '20/06/25' is set on object 'Object Repository/AppointmentPage/CalendarInput'

22-05-2025T23:02:02 - [TEST_STEP][PASSED] - setText(findTestObject("AppointmentPage/CommentField"), comment): Text 'Follow-up visit' is set on object 'Object Repository/AppointmentPage/CommentField'

22-05-2025T23:02:03 - [MESSAGE][PASSED] - Text 'Follow-up visit' is set on object 'Object Repository/AppointmentPage/CommentField'

22-05-2025T23:02:03 - [TEST_STEP][PASSED] - delay(2): Delayed 2 second(s)

22-05-2025T23:02:05 - [MESSAGE][PASSED] - Delayed 2 second(s)

22-05-2025T23:02:05 - [TEST_STEP][PASSED] - refresh(): Refresh successfully

22-05-2025T23:02:05 - [MESSAGE][PASSED] - Refresh successfully

22-05-2025T23:02:05 - [TEST_STEP][PASSED] - verifyElementPresent(findTestObject("AppointmentPage/ApplyButton"), 5): Object 'Object Repository/AppointmentPage/ApplyButton' is present

22-05-2025T23:02:06 - [MESSAGE][PASSED] - Object 'Object Repository/AppointmentPage/ApplyButton' is present

22-05-2025T23:02:06 - [TEST_STEP][PASSED] - takeScreenshot(): Taking screenshot successfully

22-05-2025T23:02:06 - [MESSAGE][PASSED] - Taking screenshot successfully
[[ATTACHMENT|/Users/user/Documents/Test Automation/Katalon/SampleProject/Reports/20250522_225959/MakeAppointment/20250522_225959/1747929726425.png]]]]></system-out>
         <system-err><![CDATA[]]></system-err>
      </testcase>
      <system-out><![CDATA[22-05-2025T23:00:04 - [TEST_SUITE][FAILED] - MakeAppointment: Test Cases/MakeAppointment/TC_APPT_06 FAILED.
Reason:
com.kms.katalon.core.exception.StepFailedException: Unable to verify object 'Object Repository/AppointmentPage/ApplyButton' is present
	at com.kms.katalon.core.webui.keyword.internal.WebUIKeywordMain.stepFailed(WebUIKeywordMain.groovy:117)
	at com.kms.katalon.core.webui.keyword.internal.WebUIKeywordMain.runKeyword(WebUIKeywordMain.groovy:43)
	at com.kms.katalon.core.webui.keyword.builtin.VerifyElementPresentKeyword.verifyElementPresent(VerifyElementPresentKeyword.groovy:92)
	at com.kms.katalon.core.webui.keyword.builtin.VerifyElementPresentKeyword.execute(VerifyElementPresentKeyword.groovy:68)
	at com.kms.katalon.core.keyword.internal.KeywordExecutor.executeKeywordForPlatform(KeywordExecutor.groovy:74)
	at com.kms.katalon.core.webui.keyword.WebUiBuiltInKeywords.verifyElementPresent(WebUiBuiltInKeywords.groovy:1540)
	at TC_APPT_06.run(TC_APPT_06:59)
	at com.kms.katalon.core.main.ScriptEngine.run(ScriptEngine.java:194)
	at com.kms.katalon.core.main.ScriptEngine.runScriptAsRawText(ScriptEngine.java:119)
	at com.kms.katalon.core.main.TestCaseExecutor.runScript(TestCaseExecutor.java:486)
	at com.kms.katalon.core.main.TestCaseExecutor.doExecute(TestCaseExecutor.java:477)
	at com.kms.katalon.core.main.TestCaseExecutor.processExecutionPhase(TestCaseExecutor.java:456)
	at com.kms.katalon.core.main.TestCaseExecutor.accessMainPhase(TestCaseExecutor.java:448)
	at com.kms.katalon.core.main.TestCaseExecutor.execute(TestCaseExecutor.java:322)
	at com.kms.katalon.core.common.CommonExecutor.accessTestCaseMainPhase(CommonExecutor.java:71)
	at com.kms.katalon.core.main.TestSuiteExecutor.accessTestSuiteMainPhase(TestSuiteExecutor.java:160)
	at com.kms.katalon.core.main.TestSuiteExecutor.execute(TestSuiteExecutor.java:107)
	at com.kms.katalon.core.main.TestCaseMain.startTestSuite(TestCaseMain.java:186)
	at TempTestSuite1747929599852.run(TempTestSuite1747929599852.groovy:35)
	at java.base/jdk.internal.reflect.NativeMethodAccessorImpl.invoke0(Native Method)
	at java.base/jdk.internal.reflect.NativeMethodAccessorImpl.invoke(NativeMethodAccessorImpl.java:77)
	at java.base/jdk.internal.reflect.DelegatingMethodAccessorImpl.invoke(DelegatingMethodAccessorImpl.java:43)
Caused by: com.kms.katalon.core.exception.StepFailedException: com.kms.katalon.core.webui.exception.WebElementNotFoundException: Web element with id: 'Object Repository/AppointmentPage/ApplyButton' located by '//*[@id="btn-book-appointment"]' not found
	at com.kms.katalon.core.webui.keyword.internal.WebUIKeywordMain.stepFailed(WebUIKeywordMain.groovy:117)
	at com.kms.katalon.core.webui.keyword.builtin.VerifyElementPresentKeyword$_verifyElementPresent_closure1.doCall(VerifyElementPresentKeyword.groovy:85)
	at com.kms.katalon.core.webui.keyword.builtin.VerifyElementPresentKeyword$_verifyElementPresent_closure1.call(VerifyElementPresentKeyword.groovy)
	at com.kms.katalon.core.webui.keyword.internal.WebUIKeywordMain.runKeyword(WebUIKeywordMain.groovy:35)
	... 20 more]]></system-out>
      <system-err><![CDATA[22-05-2025T23:00:04 - [TEST_SUITE][FAILED] - MakeAppointment: Test Cases/MakeAppointment/TC_APPT_06 FAILED.
Reason:
com.kms.katalon.core.exception.StepFailedException: Unable to verify object 'Object Repository/AppointmentPage/ApplyButton' is present
	at com.kms.katalon.core.webui.keyword.internal.WebUIKeywordMain.stepFailed(WebUIKeywordMain.groovy:117)
	at com.kms.katalon.core.webui.keyword.internal.WebUIKeywordMain.runKeyword(WebUIKeywordMain.groovy:43)
	at com.kms.katalon.core.webui.keyword.builtin.VerifyElementPresentKeyword.verifyElementPresent(VerifyElementPresentKeyword.groovy:92)
	at com.kms.katalon.core.webui.keyword.builtin.VerifyElementPresentKeyword.execute(VerifyElementPresentKeyword.groovy:68)
	at com.kms.katalon.core.keyword.internal.KeywordExecutor.executeKeywordForPlatform(KeywordExecutor.groovy:74)
	at com.kms.katalon.core.webui.keyword.WebUiBuiltInKeywords.verifyElementPresent(WebUiBuiltInKeywords.groovy:1540)
	at TC_APPT_06.run(TC_APPT_06:59)
	at com.kms.katalon.core.main.ScriptEngine.run(ScriptEngine.java:194)
	at com.kms.katalon.core.main.ScriptEngine.runScriptAsRawText(ScriptEngine.java:119)
	at com.kms.katalon.core.main.TestCaseExecutor.runScript(TestCaseExecutor.java:486)
	at com.kms.katalon.core.main.TestCaseExecutor.doExecute(TestCaseExecutor.java:477)
	at com.kms.katalon.core.main.TestCaseExecutor.processExecutionPhase(TestCaseExecutor.java:456)
	at com.kms.katalon.core.main.TestCaseExecutor.accessMainPhase(TestCaseExecutor.java:448)
	at com.kms.katalon.core.main.TestCaseExecutor.execute(TestCaseExecutor.java:322)
	at com.kms.katalon.core.common.CommonExecutor.accessTestCaseMainPhase(CommonExecutor.java:71)
	at com.kms.katalon.core.main.TestSuiteExecutor.accessTestSuiteMainPhase(TestSuiteExecutor.java:160)
	at com.kms.katalon.core.main.TestSuiteExecutor.execute(TestSuiteExecutor.java:107)
	at com.kms.katalon.core.main.TestCaseMain.startTestSuite(TestCaseMain.java:186)
	at TempTestSuite1747929599852.run(TempTestSuite1747929599852.groovy:35)
	at java.base/jdk.internal.reflect.NativeMethodAccessorImpl.invoke0(Native Method)
	at java.base/jdk.internal.reflect.NativeMethodAccessorImpl.invoke(NativeMethodAccessorImpl.java:77)
	at java.base/jdk.internal.reflect.DelegatingMethodAccessorImpl.invoke(DelegatingMethodAccessorImpl.java:43)
Caused by: com.kms.katalon.core.exception.StepFailedException: com.kms.katalon.core.webui.exception.WebElementNotFoundException: Web element with id: 'Object Repository/AppointmentPage/ApplyButton' located by '//*[@id="btn-book-appointment"]' not found
	at com.kms.katalon.core.webui.keyword.internal.WebUIKeywordMain.stepFailed(WebUIKeywordMain.groovy:117)
	at com.kms.katalon.core.webui.keyword.builtin.VerifyElementPresentKeyword$_verifyElementPresent_closure1.doCall(VerifyElementPresentKeyword.groovy:85)
	at com.kms.katalon.core.webui.keyword.builtin.VerifyElementPresentKeyword$_verifyElementPresent_closure1.call(VerifyElementPresentKeyword.groovy)
	at com.kms.katalon.core.webui.keyword.internal.WebUIKeywordMain.runKeyword(WebUIKeywordMain.groovy:35)
	... 20 more]]></system-err>
   </testsuite>
</testsuites>
